Arguments: 
  C:\Program Files\nodejs\node.exe C:\Users\salah\AppData\Roaming\npm\node_modules\yarn\bin\yarn.js add -D webpack webpack-cli \

PATH: 
  C:\Python310\Scripts\;C:\Python310\;C:\Program Files\Common Files\Oracle\Java\javapath;C:\WINDOWS\system32;C:\WINDOWS;C:\WINDOWS\System32\Wbem;C:\WINDOWS\System32\WindowsPowerShell\v1.0\;C:\WINDOWS\System32\OpenSSH\;C:\Program Files\Microsoft SQL Server\150\Tools\Binn\;C:\ProgramData\chocolatey\bin;C:\Program Files\Amazon\AWSCLIV2\;C:\Program Files\Git\cmd;C:\Library\Developer\Toolchains\unknown-Asserts-development.xctoolchain\usr\bin;C:\Library\Swift-development\bin;C:\Library\icu-67\usr\bin;C:\Program Files\Dart\dart-sdk\bin;C:\ant\bin;C:\ant\lib;c:\ant\bin\ant.bat;C:\ant\flyway-ant-master\src\main\java\org\flywaydb\ant;C:\Program Files\Java\jdk-17.0.2\bin;C:\ProgramData\ComposerSetup\bin;C:\Users\salah\AppData\Roaming\nvm;C:\Program Files\nodejs;C:\xampp\php;C:\Program Files\nodejs\;C:\Program Files\Amazon\AWSSAMCLI\bin\;C:\Program Files\GitHub CLI\;C:\Program Files\Azure Data Studio\bin;C:\Users\salah\AppData\Local\Programs\Python\Python37\Scripts\;C:\Users\salah\AppData\Local\Programs\Python\Python37\;C:\Users\salah\AppData\Local\Microsoft\WindowsApps;C:\Users\salah\AppData\Local\Programs\Microsoft VS Code\bin;C:\src\flutter\bin;C:\tools\dart-sdk\bin;C:\Users\salah\AppData\Roaming\Pub\Cache\bin;C:\tools\dart-sdk;C:\Users\salah\AppData\Roaming\Composer\vendor\bin;C:\Users\salah\AppData\Roaming\nvm;C:\Program Files\nodejs;C:\xampp\php;C:\Users\salah\AppData\Local\GitHubDesktop\bin;C:\Users\salah\AppData\Roaming\npm;C:\Program Files\Azure Data Studio\bin

Yarn version: 
  1.22.17

Node version: 
  16.17.1

Platform: 
  win32 x64

Trace: 
  Error: EBUSY: resource busy or locked, lstat 'C:\DumpStack.log.tmp'

npm manifest: 
  {
    "name": "SaalahEdiine",
    "version": "1.0.0",
    "main": "index.js",
    "license": "MIT",
    "private": true
  }

yarn manifest: 
  No manifest

Lockfile: 
  No lockfile
